2022-08-20 00:34:28.343 [main] INFO  []  cn.dqb.xiaomi.XiaomiApplication[55] - Starting XiaomiApplication using Java 1.8.0_131 on LAPTOP-ABVHHIL8 with PID 10320 (D:\workspace\other project\xiaomi-yd\target\classes started by dengquanbo in D:\workspace\other project\xiaomi-yd)
2022-08-20 00:34:28.347 [main] INFO  []  cn.dqb.xiaomi.XiaomiApplication[660] - No active profile set, falling back to default profiles: default
2022-08-20 00:34:28.942 [main] INFO  []  o.s.d.r.config.RepositoryConfigurationDelegate[250] - Multiple Spring Data modules found, entering strict repository configuration mode!
2022-08-20 00:34:28.944 [main] INFO  []  o.s.d.r.config.RepositoryConfigurationDelegate[128] - Bootstrapping Spring Data Redis repositories in DEFAULT mode.
2022-08-20 00:34:28.960 [main] INFO  []  o.s.d.r.config.RepositoryConfigurationDelegate[188] - Finished Spring Data repository scanning in 4 ms. Found 0 Redis repository interfaces.
2022-08-20 00:34:29.247 [main] INFO  []  o.s.boot.web.embedded.tomcat.TomcatWebServer[108] - Tomcat initialized with port(s): 8081 (http)
2022-08-20 00:34:29.253 [main] INFO  []  org.apache.coyote.http11.Http11NioProtocol[173] - Initializing ProtocolHandler ["http-nio-8081"]
2022-08-20 00:34:29.254 [main] INFO  []  org.apache.catalina.core.StandardService[173] - Starting service [Tomcat]
2022-08-20 00:34:29.254 [main] INFO  []  org.apache.catalina.core.StandardEngine[173] - Starting Servlet engine: [Apache Tomcat/9.0.39]
2022-08-20 00:34:29.304 [main] INFO  []  o.a.c.core.ContainerBase.[Tomcat].[localhost].[/][173] - Initializing Spring embedded WebApplicationContext
2022-08-20 00:34:29.304 [main] INFO  []  o.s.b.w.s.c.ServletWebServerApplicationContext[289] - Root WebApplicationContext: initialization completed in 916 ms
2022-08-20 00:34:29.591 [main] INFO  []  o.s.scheduling.concurrent.ThreadPoolTaskExecutor[181] - Initializing ExecutorService 'applicationTaskExecutor'
2022-08-20 00:34:29.737 [main] INFO  []  o.s.scheduling.concurrent.ThreadPoolTaskScheduler[181] - Initializing ExecutorService 'taskScheduler'
2022-08-20 00:34:29.748 [main] INFO  []  org.apache.coyote.http11.Http11NioProtocol[173] - Starting ProtocolHandler ["http-nio-8081"]
2022-08-20 00:34:29.759 [main] INFO  []  o.s.boot.web.embedded.tomcat.TomcatWebServer[220] - Tomcat started on port(s): 8081 (http) with context path ''
2022-08-20 00:34:29.767 [main] INFO  []  cn.dqb.xiaomi.XiaomiApplication[61] - Started XiaomiApplication in 1.78 seconds (JVM running for 2.455)
2022-08-20 01:30:58.541 [http-nio-8081-exec-1] INFO  []  o.a.c.core.ContainerBase.[Tomcat].[localhost].[/][173] - Initializing Spring DispatcherServlet 'dispatcherServlet'
2022-08-20 01:30:58.542 [http-nio-8081-exec-1] INFO  []  org.springframework.web.servlet.DispatcherServlet[525] - Initializing Servlet 'dispatcherServlet'
2022-08-20 01:30:58.543 [http-nio-8081-exec-1] INFO  []  org.springframework.web.servlet.DispatcherServlet[547] - Completed initialization in 1 ms
2022-08-20 19:58:34.528 [main] INFO  []  cn.dqb.xiaomi.XiaomiApplication[55] - Starting XiaomiApplication using Java 1.8.0_131 on LAPTOP-ABVHHIL8 with PID 4180 (D:\workspace\other project\xiaomi-yd\target\classes started by dengquanbo in D:\workspace\other project\xiaomi-yd)
2022-08-20 19:58:34.531 [main] INFO  []  cn.dqb.xiaomi.XiaomiApplication[660] - No active profile set, falling back to default profiles: default
2022-08-20 19:58:35.676 [main] INFO  []  o.s.d.r.config.RepositoryConfigurationDelegate[250] - Multiple Spring Data modules found, entering strict repository configuration mode!
2022-08-20 19:58:35.678 [main] INFO  []  o.s.d.r.config.RepositoryConfigurationDelegate[128] - Bootstrapping Spring Data Redis repositories in DEFAULT mode.
2022-08-20 19:58:35.708 [main] INFO  []  o.s.d.r.config.RepositoryConfigurationDelegate[188] - Finished Spring Data repository scanning in 9 ms. Found 0 Redis repository interfaces.
2022-08-20 19:58:36.522 [main] INFO  []  o.s.boot.web.embedded.tomcat.TomcatWebServer[108] - Tomcat initialized with port(s): 8081 (http)
2022-08-20 19:58:36.536 [main] INFO  []  org.apache.coyote.http11.Http11NioProtocol[173] - Initializing ProtocolHandler ["http-nio-8081"]
2022-08-20 19:58:36.536 [main] INFO  []  org.apache.catalina.core.StandardService[173] - Starting service [Tomcat]
2022-08-20 19:58:36.536 [main] INFO  []  org.apache.catalina.core.StandardEngine[173] - Starting Servlet engine: [Apache Tomcat/9.0.39]
2022-08-20 19:58:36.706 [main] INFO  []  o.a.c.core.ContainerBase.[Tomcat].[localhost].[/][173] - Initializing Spring embedded WebApplicationContext
2022-08-20 19:58:36.708 [main] INFO  []  o.s.b.w.s.c.ServletWebServerApplicationContext[289] - Root WebApplicationContext: initialization completed in 2102 ms
2022-08-20 19:58:37.660 [main] INFO  []  o.s.scheduling.concurrent.ThreadPoolTaskExecutor[181] - Initializing ExecutorService 'applicationTaskExecutor'
2022-08-20 19:58:37.956 [main] INFO  []  o.s.scheduling.concurrent.ThreadPoolTaskScheduler[181] - Initializing ExecutorService 'taskScheduler'
2022-08-20 19:58:37.976 [main] INFO  []  org.apache.coyote.http11.Http11NioProtocol[173] - Starting ProtocolHandler ["http-nio-8081"]
2022-08-20 19:58:37.997 [main] INFO  []  o.s.boot.web.embedded.tomcat.TomcatWebServer[220] - Tomcat started on port(s): 8081 (http) with context path ''
2022-08-20 19:58:38.012 [main] INFO  []  cn.dqb.xiaomi.XiaomiApplication[61] - Started XiaomiApplication in 4.33 seconds (JVM running for 5.86)
2022-08-20 19:59:05.002 [scheduling-1] INFO  []  cn.dqb.xiaomi.ScheduleTaskConfig[14] - 每天9点运行
